2019/03/17 02:02:23  Application Quit
2019/03/17 02:02:23  Application Quit
2019/03/17 02:21:10  Log File Initialized
2019/03/17 02:21:52  Application Quit
2019/03/17 02:22:00  Application Quit
2019/03/17 02:22:04  Log File Initialized
2019/03/17 02:22:58  Application Quit
2019/03/17 02:23:06  Application Quit
2019/03/17 02:27:13  Log File Initialized
2019/03/17 02:27:31  Application Quit
2019/03/17 02:27:31  Application Quit
2019/03/17 02:40:36  Log File Initialized
2019/03/17 02:40:43  Application Quit
2019/03/17 02:40:43  Application Quit
2019/03/17 02:40:51  Log File Initialized
2019/03/17 02:43:05  Application Quit
2019/03/17 02:43:13  Application Quit
2019/03/17 02:45:12  Log File Initialized
2019/03/17 02:47:03  Application Quit
2019/03/17 02:47:12  Application Quit
2019/03/17 03:00:26  Log File Initialized
2019/03/17 03:01:01  Connection Lost And Applications Killed
2019/03/17 03:01:01  Attempting to Re-Establish Connection And Re-Start Apllications
2019/03/17 03:01:09  Connection Re-Established and Applications Re-Started
2019/03/17 03:06:17  Log File Initialized
2019/03/17 03:07:51  Log File Initialized
2019/03/17 03:08:30  Application Quit
2019/03/17 03:08:39  Application Quit
2019/03/17 03:08:56  Log File Initialized
2019/03/17 03:09:44  Connection Lost And Applications Killed
2019/03/17 03:09:44  Attempting to Re-Establish Connection And Re-Start Apllications
2019/03/17 03:10:05  Connection Re-Established and Applications Re-Started
2019/03/17 03:13:13  Log File Initialized
2019/03/17 03:14:43  Log File Initialized
2019/03/17 03:17:27  Application Quit
2019/03/17 03:17:28  Application Quit
2019/03/17 03:17:42  Log File Initialized
2019/03/17 03:17:48  Application Quit
2019/03/17 03:17:48  Application Quit
2019/03/17 03:18:13  Log File Initialized
2019/03/17 03:24:48  Log File Initialized
2019/03/17 03:27:33  Log File Initialized
2019/03/17 03:33:39  Log File Initialized
2019/03/17 03:56:21  Log File Initialized
2019/03/17 03:59:41  Log File Initialized
2019/03/17 04:00:25  Application Quit
2019/03/17 04:00:27  Application Quit
2019/03/17 04:04:01  Log File Initialized
2019/03/17 04:09:35  Log File Initialized
2019/03/17 04:37:47  Log File Initialized
2019/03/17 04:40:00  Application Quit
2019/03/17 04:40:02  Application Quit
2019/03/17 04:43:17  Log File Initialized
2019/03/17 04:43:29  Application Quit
2019/03/17 04:43:29  Application Quit
2019/03/17 04:43:43  Log File Initialized
2019/03/17 04:45:13  Application Quit
2019/03/17 04:45:14  Application Quit
2019/03/17 04:59:29  Log File Initialized
2019/03/17 05:01:08  Application Quit
2019/03/17 05:01:09  Application Quit
2019/03/17 10:08:27  Log File Initialized
2019/03/17 10:10:17  Application Quit
2019/03/17 10:10:18  Application Quit
2019/03/17 10:10:53  Log File Initialized
2019/03/17 10:17:32  Application Quit
2019/03/17 10:17:32  Application Quit
2019/03/17 10:46:09  Log File Initialized
2019/03/17 10:47:14  Connection Lost And Applications Killed
2019/03/17 10:47:14  Attempting to Re-Establish Connection And Re-Start Apllications
2019/03/17 10:47:22  Connection Re-Established and Applications Re-Started
2019/03/17 10:50:26  Application Quit
2019/03/17 10:50:26  Application Quit
2019/03/17 10:52:55  Log File Initialized
2019/03/17 10:54:31  Connection Lost And Applications Killed
2019/03/17 10:54:31  Attempting to Re-Establish Connection And Re-Start Apllications
2019/03/17 10:54:40  Connection Re-Established and Applications Re-Started
2019/03/17 11:04:15  Application Quit
2019/03/17 11:04:15  Application Quit
2019/03/17 11:05:28  Log File Initialized
2019/03/17 11:07:13  Application Quit
2019/03/17 11:07:22  Application Quit
2019/03/17 11:12:30  Log File Initialized
2019/03/17 11:13:26  Application Quit
2019/03/17 11:13:35  Application Quit
2019/03/17 11:16:00  Log File Initialized
2019/03/17 11:16:17  Application Quit
2019/03/17 11:16:17  Application Quit
2019/03/17 11:20:30  Log File Initialized
2019/03/17 11:21:16  Application Quit
2019/03/17 11:21:25  Application Quit
2019/03/17 11:31:49  Log File Initialized
2019/03/17 11:31:58  Application Quit
2019/03/17 11:31:58  Application Quit
2019/03/17 11:32:48  Log File Initialized
2019/03/17 11:33:06  Connection Lost And Applications Killed
2019/03/17 11:33:06  Attempting to Re-Establish Connection And Re-Start Apllications
2019/03/17 11:33:14  Connection Re-Established and Applications Re-Started
2019/03/17 11:33:53  Application Quit
2019/03/17 11:33:53  Application Quit
2019/03/17 11:34:10  Log File Initialized
2019/03/17 11:36:39  Application Quit
2019/03/17 11:36:40  Application Quit
2019/03/17 11:49:42  Log File Initialized
2019/03/17 12:36:37  Application Quit
2019/03/17 12:36:46  Application Quit
2019/03/17 12:40:07  Log File Initialized
2019/03/17 12:41:41  Connection Lost And Applications Killed
2019/03/17 12:41:41  Attempting to Re-Establish Connection And Re-Start Apllications
2019/03/17 12:41:51  Connection Re-Established and Applications Re-Started
2019/03/17 12:42:24  Application Quit
2019/03/17 12:42:24  Application Quit
2019/03/17 02:07:56  Log File Initialized
2019/03/17 02:10:42  Application Quit
2019/03/17 02:10:42  Application Quit
2019/03/17 03:14:30  Log File Initialized
2019/03/17 03:18:10  Connection Lost And Applications Killed
2019/03/17 03:18:10  Attempting to Re-Establish Connection And Re-Start Apllications
2019/03/17 03:18:19  Connection Re-Established and Applications Re-Started
2019/03/17 03:29:29  Application Quit
2019/03/17 03:29:29  Application Quit
2019/03/17 03:29:37  Log File Initialized
2019/03/17 03:33:56  Application Quit
2019/03/17 03:33:57  Application Quit
2019/03/17 03:37:06  Log File Initialized
2019/03/17 04:21:21  Application Quit
2019/03/17 04:21:24  Application Quit
2019/03/17 07:51:13  Log File Initialized
2019/03/17 07:53:26  Connection Lost And Applications Killed
2019/03/17 07:53:26  Attempting to Re-Establish Connection And Re-Start Apllications
2019/03/17 07:53:31  Connection Re-Established and Applications Re-Started
2019/03/17 07:53:43  Application Quit
2019/03/17 07:53:44  Application Quit
2019/03/17 07:57:48  Log File Initialized
2019/03/17 07:58:48  Application Quit
2019/03/17 07:58:48  Application Quit
2019/03/17 08:33:55  Log File Initialized
2019/03/17 08:34:09  Application Quit
2019/03/17 08:34:09  Application Quit
2019/03/18 02:47:26  Log File Initialized
2019/03/18 02:49:04  Application Quit
2019/03/18 02:49:04  Application Quit
2019/03/18 02:49:08  Log File Initialized
2019/03/18 02:50:27  Application Quit
2019/03/18 02:50:27  Application Quit
2019/03/18 02:50:33  Log File Initialized
2019/03/18 02:51:30  Application Quit
2019/03/18 02:51:30  Application Quit
2019/03/18 02:53:37  Log File Initialized
2019/03/18 02:55:37  Application Quit
2019/03/18 02:55:37  Application Quit
2019/03/18 02:56:52  Log File Initialized
2019/03/18 03:02:01  Application Quit
2019/03/18 03:02:02  Application Quit
2019/03/18 03:06:59  Log File Initialized
2019/03/18 03:07:26  Application Quit
2019/03/18 03:07:26  Application Quit
2019/03/18 03:08:29  Log File Initialized
2019/03/18 03:10:47  Connection Lost And Applications Killed
2019/03/18 03:10:47  Attempting to Re-Establish Connection And Re-Start Apllications
2019/03/18 03:11:15  Connection Re-Established and Applications Re-Started
2019/03/18 03:16:34  Application Quit
2019/03/18 03:16:34  Application Quit
2019/03/18 03:32:50  Log File Initialized
2019/03/18 03:36:05  Application Quit
2019/03/18 03:36:06  Application Quit
2019/03/18 03:51:17  Log File Initialized
2019/03/18 03:51:41  Application Quit
2019/03/18 03:51:41  Application Quit
2019/03/18 04:08:22  Log File Initialized
